==================================================
DATE: 15-04-2020 TEST: UBQZ
CHAPTER-3: SHARES AND DIVIDENDS
3B 17
CHAPTER-5: QUADRATIC EQUATIONS
5C 29
CHAPTER-9: MATRICES
9C 11
CHAPTER-11: GEOMETRIC PROGRESSION
11A 11
CHAPTER-14: EQUATION OF A LINE
14D 13
CHAPTER-15: SIMILARITY(WITH APPLICATIONS TO MAPS AND MODELS)
15A 9
15B 3
15C 5
15D 2
15E 7
CHAPTER-16: LOCI(LOCUS AND ITS CONSTRUCTION)
16A 18
16B 24
CHAPTER-17: CIRCLES
17B 2
CHAPTER-22: HEIGHTS AND DISTANCES
22B 1
22C 3
==================================================
DATE: 16-04-2020 TEST: UBQZ: ans 5C29 14D13 15D2 15E7 16B24
DATE: 16-04-2020 TEST: SIZF
CHAPTER-4: LINEAR INEQUATIONS(IN ONE VARIABLE)
4B 15
CHAPTER-6: SOLVING(simple)PROBLEMS(BASED ON QUADRATIC EQUATIONS)
6C 3
CHAPTER-15: SIMILARITY(WITH APPLICATIONS TO MAPS AND MODELS)
15A 19
15B 1
15C 2
15D 5
15E 5
CHAPTER-16: LOCI(LOCUS AND ITS CONSTRUCTION)
16A 7
16B 11
CHAPTER-25: PROBABILITY
25B 7
==================================================
DATE: 08-06-2020 TEST: NCAD
CHAPTER-2: BANKING(RECURRING DEPOSIT ACCOUNTS)
2B 11
CHAPTER-7: RATIO AND PROPORTION(INCLUDING PROPERTIES AND USES)
7A 30
7C 9
CHAPTER-10: ARITHMETIC PROGRESSION
10F 17
CHAPTER-11: GEOMETRIC PROGRESSION
11C 4
CHAPTER-14: EQUATION OF A LINE
14E 18
CHAPTER-16: LOCI(LOCUS AND ITS CONSTRUCTION)
16B 14
CHAPTER-24: MEASURES OF CENTRAL TENDENCY(MEAN,MEDIAN,QUARTILES AND MODE)
24E 5
CHAPTER-25: PROBABILITY
25A 8
25C 25
==================================================
