DATE: 22-06-2020 TEST: PJWD
CHAPTER-2: BANKING(RECURRING DEPOSIT ACCOUNTS)
2A 8
CHAPTER-5: QUADRATIC EQUATIONS
5A 4
CHAPTER-7: RATIO AND PROPORTION(INCLUDING PROPERTIES AND USES)
7B 4
7C 11
CHAPTER-9: MATRICES
9B 4
CHAPTER-10: ARITHMETIC PROGRESSION
10D 3
10F 7
CHAPTER-12: REFLECTION(In x-axis,y-axis,x=a,y=a and the origin;Invarient Points)
12A 15
CHAPTER-14: EQUATION OF A LINE
14B 7
14E 12
CHAPTER-15: SIMILARITY(WITH APPLICATIONS TO MAPS AND MODELS)
15B 4
CHAPTER-17: CIRCLES
17A 11
17B 9
CHAPTER-18: TANGENTS AND INTERSECTING CHORDS
18C 12
CHAPTER-20: CYLINDER,CONE AND SPHERE(SURFACE AREA AND VOLUME)
20C 1
20F 14
CHAPTER-22: HEIGHTS AND DISTANCES
22A 2
22B 15
CHAPTER-24: MEASURES OF CENTRAL TENDENCY(MEAN,MEDIAN,QUARTILES AND MODE)
24B 10
CHAPTER-25: PROBABILITY
25A 4
==================================================
